0 info it worked if it ends with ok
1 verbose cli [ '/usr/local/bin/node', '/usr/local/bin/npm', 'start' ]
2 info using npm@3.10.3
3 info using node@v6.3.0
4 verbose run-script [ 'prestart', 'start', 'poststart' ]
5 info lifecycle class_17_chat@0.0.1~prestart: class_17_chat@0.0.1
6 silly lifecycle class_17_chat@0.0.1~prestart: no script for prestart, continuing
7 info lifecycle class_17_chat@0.0.1~start: class_17_chat@0.0.1
8 verbose lifecycle class_17_chat@0.0.1~start: unsafe-perm in lifecycle true
9 verbose lifecycle class_17_chat@0.0.1~start: PATH: /usr/local/lib/node_modules/npm/bin/node-gyp-bin:/home/shubham/all_projects/CB/elixir_2016/class_17/node_modules/.bin:/usr/local/bin:/usr/local/heroku/bin:/home/shubham/local/bin:/home/shubham/installations/SenchaBin/Sencha/Cmd/4.0.5.87:/home/shubham/installations/activator-1.2.12:/usr/local/heroku/bin:/usr/local/heroku/bin:/home/shubham/installations/SenchaBin/Sencha/Cmd/4.0.5.87:/usr/local/sbin:/usr/local/bin:/usr/sbin:/usr/bin:/sbin:/bin:/usr/games:/usr/local/games:/home/shubham/installations/activator-1.2.12:/home/shubham/.rvm/bin:/home/shubham/.rvm/rubies/ruby-2.1.5/bin:/home/shubham/installations/bazel/output:/home/shubham/.rvm/bin
10 verbose lifecycle class_17_chat@0.0.1~start: CWD: /home/shubham/all_projects/CB/elixir_2016/class_17
11 silly lifecycle class_17_chat@0.0.1~start: Args: [ '-c', 'node index.js' ]
12 silly lifecycle class_17_chat@0.0.1~start: Returned: code: 1  signal: null
13 info lifecycle class_17_chat@0.0.1~start: Failed to exec start script
14 verbose stack Error: class_17_chat@0.0.1 start: `node index.js`
14 verbose stack Exit status 1
14 verbose stack     at EventEmitter.<anonymous> (/usr/local/lib/node_modules/npm/lib/utils/lifecycle.js:242:16)
14 verbose stack     at emitTwo (events.js:106:13)
14 verbose stack     at EventEmitter.emit (events.js:191:7)
14 verbose stack     at ChildProcess.<anonymous> (/usr/local/lib/node_modules/npm/lib/utils/spawn.js:40:14)
14 verbose stack     at emitTwo (events.js:106:13)
14 verbose stack     at ChildProcess.emit (events.js:191:7)
14 verbose stack     at maybeClose (internal/child_process.js:852:16)
14 verbose stack     at Process.ChildProcess._handle.onexit (internal/child_process.js:215:5)
15 verbose pkgid class_17_chat@0.0.1
16 verbose cwd /home/shubham/all_projects/CB/elixir_2016/class_17
17 error Linux 3.13.0-68-generic
18 error argv "/usr/local/bin/node" "/usr/local/bin/npm" "start"
19 error node v6.3.0
20 error npm  v3.10.3
21 error code ELIFECYCLE
22 error class_17_chat@0.0.1 start: `node index.js`
22 error Exit status 1
23 error Failed at the class_17_chat@0.0.1 start script 'node index.js'.
23 error Make sure you have the latest version of node.js and npm installed.
23 error If you do, this is most likely a problem with the class_17_chat package,
23 error not with npm itself.
23 error Tell the author that this fails on your system:
23 error     node index.js
23 error You can get information on how to open an issue for this project with:
23 error     npm bugs class_17_chat
23 error Or if that isn't available, you can get their info via:
23 error     npm owner ls class_17_chat
23 error There is likely additional logging output above.
24 verbose exit [ 1, true ]
